\BOOKMARK [0][-]{chapter.1}{Data and methods}{}% 1
\BOOKMARK [1][-]{section.1.1}{Data}{chapter.1}% 2
\BOOKMARK [2][-]{subsection.1.1.1}{Global Forest Change}{section.1.1}% 3
\BOOKMARK [2][-]{subsection.1.1.2}{GlobeLand30}{section.1.1}% 4
\BOOKMARK [2][-]{subsection.1.1.3}{Intact Forest Landscapes}{section.1.1}% 5
\BOOKMARK [2][-]{subsection.1.1.4}{Aboveground Woody Biomass}{section.1.1}% 6
\BOOKMARK [2][-]{subsection.1.1.5}{Global Soil Organic Carbon}{section.1.1}% 7
\BOOKMARK [2][-]{subsection.1.1.6}{Soil Organic Carbon}{section.1.1}% 8
\BOOKMARK [2][-]{subsection.1.1.7}{Ecosystem Service Values}{section.1.1}% 9
\BOOKMARK [2][-]{subsection.1.1.8}{Auxiliary}{section.1.1}% 10
\BOOKMARK [1][-]{section.1.2}{Methods}{chapter.1}% 11
\BOOKMARK [2][-]{subsection.1.2.1}{Preprocessing}{section.1.2}% 12
\BOOKMARK [2][-]{subsection.1.2.2}{Deforestation}{section.1.2}% 13
\BOOKMARK [3][-]{subsubsection.1.2.2.1}{Forest definition}{subsection.1.2.2}% 14
\BOOKMARK [3][-]{subsubsection.1.2.2.2}{Proximate deforestation driver}{subsection.1.2.2}% 15
\BOOKMARK [3][-]{subsubsection.1.2.2.3}{Accuracy assessment}{subsection.1.2.2}% 16
\BOOKMARK [2][-]{subsection.1.2.3}{Emissions}{section.1.2}% 17
\BOOKMARK [3][-]{subsubsection.1.2.3.1}{Above ground biomass}{subsection.1.2.3}% 18
\BOOKMARK [3][-]{subsubsection.1.2.3.2}{Soil organic carbon change}{subsection.1.2.3}% 19
\BOOKMARK [2][-]{subsection.1.2.4}{Ecosystem service values}{section.1.2}% 20
\BOOKMARK [2][-]{subsection.1.2.5}{Binning analysis}{section.1.2}% 21
\BOOKMARK [0][-]{equation.1.2.23}{Bibliography}{}% 22
\BOOKMARK [0][-]{chapter*.48}{List of Figures}{}% 23
\BOOKMARK [0][-]{chapter*.49}{List of Tables}{}% 24
\BOOKMARK [0][-]{chapter*.50}{List of Abbreviations}{}% 25
\BOOKMARK [0][-]{chapter*.51}{Appendix}{}% 26
