\BOOKMARK [0][-]{chapter.1}{Introduction}{}% 1
\BOOKMARK [0][-]{chapter.2}{Data and methods}{}% 2
\BOOKMARK [1][-]{section.2.1}{Data}{chapter.2}% 3
\BOOKMARK [2][-]{subsection.2.1.1}{Global Forest Change}{section.2.1}% 4
\BOOKMARK [2][-]{subsection.2.1.2}{GlobeLand30}{section.2.1}% 5
\BOOKMARK [2][-]{subsection.2.1.3}{Aboveground Woody Biomass}{section.2.1}% 6
\BOOKMARK [2][-]{subsection.2.1.4}{Intact Forest Landscapes}{section.2.1}% 7
\BOOKMARK [2][-]{subsection.2.1.5}{Global Soil Organic Carbon Map}{section.2.1}% 8
\BOOKMARK [2][-]{subsection.2.1.6}{Soil Organic Carbon change}{section.2.1}% 9
\BOOKMARK [2][-]{subsection.2.1.7}{Ecosystem Service Values}{section.2.1}% 10
\BOOKMARK [1][-]{section.2.2}{Methods}{chapter.2}% 11
\BOOKMARK [2][-]{subsection.2.2.1}{Preprocessing}{section.2.2}% 12
\BOOKMARK [2][-]{subsection.2.2.2}{Deforestation}{section.2.2}% 13
\BOOKMARK [3][-]{subsubsection.2.2.2.1}{Forest definition}{subsection.2.2.2}% 14
\BOOKMARK [3][-]{subsubsection.2.2.2.2}{Proximate deforestation drivers}{subsection.2.2.2}% 15
\BOOKMARK [3][-]{subsubsection.2.2.2.3}{Accuracy assessment}{subsection.2.2.2}% 16
\BOOKMARK [2][-]{subsection.2.2.3}{Emissions}{section.2.2}% 17
\BOOKMARK [2][-]{subsection.2.2.4}{Ecosystem service values}{section.2.2}% 18
\BOOKMARK [2][-]{subsection.2.2.5}{Binning analysis and visualization}{section.2.2}% 19
\BOOKMARK [0][-]{chapter.3}{Results}{}% 20
\BOOKMARK [1][-]{section.3.1}{Deforestation}{chapter.3}% 21
\BOOKMARK [2][-]{subsection.3.1.1}{Forest definition}{section.3.1}% 22
\BOOKMARK [2][-]{subsection.3.1.2}{Patterns of tree cover and deforestation}{section.3.1}% 23
\BOOKMARK [2][-]{subsection.3.1.3}{Proximate deforestation drivers}{section.3.1}% 24
\BOOKMARK [2][-]{subsection.3.1.4}{Accuracy assessment}{section.3.1}% 25
\BOOKMARK [1][-]{section.3.2}{Emissions}{chapter.3}% 26
\BOOKMARK [1][-]{section.3.3}{Ecosystem service values}{chapter.3}% 27
\BOOKMARK [0][-]{chapter.4}{Discussion}{}% 28
\BOOKMARK [1][-]{section.4.1}{Deforestation}{chapter.4}% 29
\BOOKMARK [2][-]{subsection.4.1.1}{Forest definition}{section.4.1}% 30
\BOOKMARK [2][-]{subsection.4.1.2}{Tree cover and deforestation}{section.4.1}% 31
\BOOKMARK [2][-]{subsection.4.1.3}{Proximate deforestation driver}{section.4.1}% 32
\BOOKMARK [2][-]{subsection.4.1.4}{Accuracy assessment}{section.4.1}% 33
\BOOKMARK [1][-]{section.4.2}{Emissions}{chapter.4}% 34
\BOOKMARK [1][-]{section.4.3}{Ecosystem service values}{chapter.4}% 35
\BOOKMARK [1][-]{section.4.4}{Binning analysis and visualization}{chapter.4}% 36
\BOOKMARK [0][-]{chapter.5}{Conclusion}{}% 37
\BOOKMARK [0][-]{chapter.5}{Bibliography}{}% 38
\BOOKMARK [0][-]{chapter*.38}{List of Figures}{}% 39
\BOOKMARK [0][-]{chapter*.39}{List of Tables}{}% 40
\BOOKMARK [0][-]{chapter*.40}{List of Abbreviations}{}% 41
\BOOKMARK [0][-]{appendix.A}{Hexagonal country boundaries}{}% 42
\BOOKMARK [0][-]{appendix.B}{Forest definition}{}% 43
\BOOKMARK [0][-]{appendix.C}{Proximate deforestation drivers}{}% 44
